<?xml version="1.0" encoding="UTF-8"?>
<testng-results skipped="0" failed="0" ignored="0" total="2" passed="2">
  <reporter-output>
  </reporter-output>
  <suite name="Default suite" duration-ms="662" started-at="2018-05-15T14:05:26Z" finished-at="2018-05-15T14:05:27Z">
    <groups>
    </groups>
    <test name="Default test" duration-ms="662" started-at="2018-05-15T14:05:26Z" finished-at="2018-05-15T14:05:27Z">
      <class name="org.task.DataDrivenTestNG.TestNGDataProviderClass">
        <test-method status="PASS" signature="test1(java.lang.String, java.lang.String)[pri:0, instance:org.task.DataDrivenTestNG.TestNGDataProviderClass@1081592]" name="test1" duration-ms="13" started-at="2018-05-15T14:05:27Z" data-provider="TestData" finished-at="2018-05-15T14:05:27Z">
          <params>
            <param index="0">
              <value>
                <![CDATA[abc]]>
              </value>
            </param>
            <param index="1">
              <value>
                <![CDATA[123]]>
              </value>
            </param>
          </params>
          <reporter-output>
          </reporter-output>
        </test-method> <!-- test1 -->
        <test-method status="PASS" signature="test1(java.lang.String, java.lang.String)[pri:0, instance:org.task.DataDrivenTestNG.TestNGDataProviderClass@1081592]" name="test1" duration-ms="2" started-at="2018-05-15T14:05:27Z" data-provider="TestData" finished-at="2018-05-15T14:05:27Z">
          <params>
            <param index="0">
              <value>
                <![CDATA[def]]>
              </value>
            </param>
            <param index="1">
              <value>
                <![CDATA[124]]>
              </value>
            </param>
          </params>
          <reporter-output>
          </reporter-output>
        </test-method> <!-- test1 -->
      </class> <!-- org.task.DataDrivenTestNG.TestNGDataProviderClass -->
    </test> <!-- Default test -->
  </suite> <!-- Default suite -->
</testng-results>
